# Mapfile. Created by GNU ddrescue version 1.23
# Command line: ddrescue -d /dev/sdb dump.img ddrescue.log -r 1
# Start time:   2023-02-28 18:26:58
# Current time: 2023-02-28 19:22:09
# Retrying bad sectors... Retry 1 (forwards)
# current_pos  current_status  current_pass
0x000AC200     -               1
#      pos        size  status
0x00000000  0x00000200  -
0x00000200  0x00000400  +
0x00000600  0x00000400  -
0x00000A00  0x00000600  +
0x00001000  0x00000200  -
0x00001200  0x00000200  +
0x00001400  0x00000200  -
0x00001600  0x00000400  +
0x00001A00  0x00000200  -
0x00001C00  0x00000800  +
0x00002400  0x00000200  -
0x00002600  0x00000600  +
0x00002C00  0x00000200  -
0x00002E00  0x00000600  +
0x00003400  0x00000600  -
0x00003A00  0x00000600  +
0x00004000  0x00000200  -
0x00004200  0x00000A00  +
0x00004C00  0x00000200  -
0x00004E00  0x00000200  +
0x00005000  0x00000200  -
0x00005200  0x00000600  +
0x00005800  0x00000600  -
0x00005E00  0x00000400  +
0x00006200  0x00000600  -
0x00006800  0x00000400  +
0x00006C00  0x00000200  -
0x00006E00  0x00000200  +
0x00007000  0x00000800  -
0x00007800  0x00000400  +
0x00007C00  0x00000600  -
0x00008200  0x00000400  +
0x00008600  0x00000600  -
0x00008C00  0x00000800  +
0x00009400  0x00000200  -
0x00009600  0x00000200  +
0x00009800  0x00000200  -
0x00009A00  0x00000600  +
0x0000A000  0x00000800  -
0x0000A800  0x00000200  +
0x0000AA00  0x00000600  -
0x0000B000  0x00000400  +
0x0000B400  0x00000200  -
0x0000B600  0x00000200  +
0x0000B800  0x00000800  -
0x0000C000  0x00000400  +
0x0000C400  0x00000600  -
0x0000CA00  0x00000400  +
0x0000CE00  0x00000800  -
0x0000D600  0x00000600  +
0x0000DC00  0x00000200  -
0x0000DE00  0x00000200  +
0x0000E000  0x00000400  -
0x0000E400  0x00000400  +
0x0000E800  0x00000800  -
0x0000F000  0x00000200  +
0x0000F200  0x00000600  -
0x0000F800  0x00000A00  +
0x00010200  0x00000600  -
0x00010800  0x00000600  +
0x00010E00  0x00000400  -
0x00011200  0x00000400  +
0x00011600  0x00000600  -
0x00011C00  0x00000A00  +
0x00012600  0x00000200  -
0x00012800  0x00000200  +
0x00012A00  0x00000200  -
0x00012C00  0x00000400  +
0x00013000  0x00000600  -
0x00013600  0x00000600  +
0x00013C00  0x00000400  -
0x00014000  0x00000A00  +
0x00014A00  0x00000600  -
0x00015000  0x00000600  +
0x00015600  0x00000400  -
0x00015A00  0x00000400  +
0x00015E00  0x00000800  -
0x00016600  0x00000A00  +
0x00017000  0x00000400  -
0x00017400  0x00000400  +
0x00017800  0x00000600  -
0x00017E00  0x00000600  +
0x00018400  0x00000400  -
0x00018800  0x00000A00  +
0x00019200  0x00000200  -
0x00019400  0x00000200  +
0x00019600  0x00000200  -
0x00019800  0x00000600  +
0x00019E00  0x00000400  -
0x0001A200  0x00000600  +
0x0001A800  0x00000400  -
0x0001AC00  0x00000C00  +
0x0001B800  0x00000400  -
0x0001BC00  0x00000600  +
0x0001C200  0x00000400  -
0x0001C600  0x00000600  +
0x0001CC00  0x00000400  -
0x0001D000  0x00000A00  +
0x0001DA00  0x00000600  -
0x0001E000  0x00000600  +
0x0001E600  0x00000200  -
0x0001E800  0x00000600  +
0x0001EE00  0x00000600  -
0x0001F400  0x00000C00  +
0x00020000  0x00000400  -
0x00020400  0x00000400  +
0x00020800  0x00000600  -
0x00020E00  0x00000400  +
0x00021200  0x00000600  -
0x00021800  0x00000A00  +
0x00022200  0x00000200  -
0x00022400  0x00000200  +
0x00022600  0x00000200  -
0x00022800  0x00000600  +
0x00022E00  0x00000400  -
0x00023200  0x00000400  +
0x00023600  0x00000600  -
0x00023C00  0x00000C00  +
0x00024800  0x00000400  -
0x00024C00  0x00000400  +
0x00025000  0x00000600  -
0x00025600  0x00000400  +
0x00025A00  0x00000200  -
0x00025C00  0x00000200  +
0x00025E00  0x00000200  -
0x00026000  0x00000A00  +
0x00026A00  0x00000600  -
0x00027000  0x00000600  +
0x00027600  0x00000400  -
0x00027A00  0x00000400  +
0x00027E00  0x00000200  -
0x00028000  0x00000200  +
0x00028200  0x00000200  -
0x00028400  0x00000800  +
0x00028C00  0x00000200  -
0x00028E00  0x00000200  +
0x00029000  0x00000400  -
0x00029400  0x00000400  +
0x00029800  0x00000600  -
0x00029E00  0x00000400  +
0x0002A200  0x00000200  -
0x0002A400  0x00000200  +
0x0002A600  0x00000200  -
0x0002A800  0x00000A00  +
0x0002B200  0x00000600  -
0x0002B800  0x00000600  +
0x0002BE00  0x00000400  -
0x0002C200  0x00000200  +
0x0002C400  0x00000800  -
0x0002CC00  0x00000400  +
0x0002D000  0x00000200  -
0x0002D200  0x00000200  +
0x0002D400  0x00000800  -
0x0002DC00  0x00000400  +
0x0002E000  0x00000600  -
0x0002E600  0x00000600  +
0x0002EC00  0x00000400  -
0x0002F000  0x00000A00  +
0x0002FA00  0x00000600  -
0x00030000  0x00000600  +
0x00030600  0x00000400  -
0x00030A00  0x00000200  +
0x00030C00  0x00000A00  -
0x00031600  0x00000200  +
0x00031800  0x00000200  -
0x00031A00  0x00000200  +
0x00031C00  0x00000200  -
0x00031E00  0x00000200  +
0x00032000  0x00000400  -
0x00032400  0x00000400  +
0x00032800  0x00000600  -
0x00032E00  0x00000400  +
0x00033200  0x00000800  -
0x00033A00  0x00000800  +
0x00034200  0x00000600  -
0x00034800  0x00000600  +
0x00034E00  0x00000400  -
0x00035200  0x00000200  +
0x00035400  0x00000800  -
0x00035C00  0x00000400  +
0x00036000  0x00000200  -
0x00036200  0x00000200  +
0x00036400  0x00000800  -
0x00036C00  0x00000400  +
0x00037000  0x00000600  -
0x00037600  0x00000600  +
0x00037C00  0x00000400  -
0x00038000  0x00000A00  +
0x00038A00  0x00000600  -
0x00039000  0x00000600  +
0x00039600  0x00000400  -
0x00039A00  0x00000200  +
0x00039C00  0x00000800  -
0x0003A400  0x00000400  +
0x0003A800  0x00000200  -
0x0003AA00  0x00000400  +
0x0003AE00  0x00000600  -
0x0003B400  0x00000600  +
0x0003BA00  0x00000400  -
0x0003BE00  0x00000600  +
0x0003C400  0x00000400  -
0x0003C800  0x00000A00  +
0x0003D200  0x00000600  -
0x0003D800  0x00000C00  +
0x0003E400  0x00000800  -
0x0003EC00  0x00000400  +
0x0003F000  0x00000200  -
0x0003F200  0x00000400  +
0x0003F600  0x00000600  -
0x0003FC00  0x00000400  +
0x00040000  0x00000600  -
0x00040600  0x00000600  +
0x00040C00  0x00000400  -
0x00041000  0x00000A00  +
0x00041A00  0x00000600  -
0x00042000  0x00000600  +
0x00042600  0x00000200  -
0x00042800  0x00000400  +
0x00042C00  0x00000800  -
0x00043400  0x00000400  +
0x00043800  0x00000200  -
0x00043A00  0x00000400  +
0x00043E00  0x00000600  -
0x00044400  0x00000400  +
0x00044800  0x00000600  -
0x00044E00  0x00000600  +
0x00045400  0x00000400  -
0x00045800  0x00000A00  +
0x00046200  0x00000600  -
0x00046800  0x00000600  +
0x00046E00  0x00000400  -
0x00047200  0x00000200  +
0x00047400  0x00000A00  -
0x00047E00  0x00000200  +
0x00048000  0x00000200  -
0x00048200  0x00000400  +
0x00048600  0x00000600  -
0x00048C00  0x00000400  +
0x00049000  0x00000600  -
0x00049600  0x00000600  +
0x00049C00  0x00000400  -
0x0004A000  0x00000A00  +
0x0004AA00  0x00000600  -
0x0004B000  0x00000600  +
0x0004B600  0x00000400  -
0x0004BA00  0x00000200  +
0x0004BC00  0x00000800  -
0x0004C400  0x00000400  +
0x0004C800  0x00000200  -
0x0004CA00  0x00000400  +
0x0004CE00  0x00000600  -
0x0004D400  0x00000400  +
0x0004D800  0x00000600  -
0x0004DE00  0x00000600  +
0x0004E400  0x00000400  -
0x0004E800  0x00000A00  +
0x0004F200  0x00000600  -
0x0004F800  0x00000400  +
0x0004FC00  0x00000600  -
0x00050200  0x00000200  +
0x00050400  0x00000A00  -
0x00050E00  0x00000200  +
0x00051000  0x00000200  -
0x00051200  0x00000200  +
0x00051400  0x00000800  -
0x00051C00  0x00000400  +
0x00052000  0x00000600  -
0x00052600  0x00000600  +
0x00052C00  0x00000400  -
0x00053000  0x00000800  +
0x00053800  0x00000800  -
0x00054000  0x00000600  +
0x00054600  0x00000400  -
0x00054A00  0x00000400  +
0x00054E00  0x00000600  -
0x00055400  0x00000400  +
0x00055800  0x00000200  -
0x00055A00  0x00000400  +
0x00055E00  0x00000400  -
0x00056200  0x00000600  +
0x00056800  0x00000600  -
0x00056E00  0x00000400  +
0x00057200  0x00000600  -
0x00057800  0x00000800  +
0x00058000  0x00000800  -
0x00058800  0x00000400  +
0x00058C00  0x00000600  -
0x00059200  0x00000400  +
0x00059600  0x00000600  -
0x00059C00  0x00000400  +
0x0005A000  0x00000200  -
0x0005A200  0x00000400  +
0x0005A600  0x00000400  -
0x0005AA00  0x00000600  +
0x0005B000  0x00000600  -
0x0005B600  0x00000400  +
0x0005BA00  0x00000600  -
0x0005C000  0x00000800  +
0x0005C800  0x00000800  -
0x0005D000  0x00000600  +
0x0005D600  0x00000400  -
0x0005DA00  0x00000400  +
0x0005DE00  0x00000600  -
0x0005E400  0x00000400  +
0x0005E800  0x00000200  -
0x0005EA00  0x00000400  +
0x0005EE00  0x00000400  -
0x0005F200  0x00000600  +
0x0005F800  0x00000600  -
0x0005FE00  0x00000600  +
0x00060400  0x00000400  -
0x00060800  0x00000800  +
0x00061000  0x00000800  -
0x00061800  0x00000400  +
0x00061C00  0x00000600  -
0x00062200  0x00000400  +
0x00062600  0x00000600  -
0x00062C00  0x00000400  +
0x00063000  0x00000200  -
0x00063200  0x00000400  +
0x00063600  0x00000400  -
0x00063A00  0x00000400  +
0x00063E00  0x00000800  -
0x00064600  0x00000400  +
0x00064A00  0x00000600  -
0x00065000  0x00000800  +
0x00065800  0x00000800  -
0x00066000  0x00000600  +
0x00066600  0x00000400  -
0x00066A00  0x00000400  +
0x00066E00  0x00000600  -
0x00067400  0x00000400  +
0x00067800  0x00000200  -
0x00067A00  0x00000400  +
0x00067E00  0x00000400  -
0x00068200  0x00000400  +
0x00068600  0x00000800  -
0x00068E00  0x00000600  +
0x00069400  0x00000400  -
0x00069800  0x00000800  +
0x0006A000  0x00000800  -
0x0006A800  0x00000400  +
0x0006AC00  0x00000600  -
0x0006B200  0x00000400  +
0x0006B600  0x00000600  -
0x0006BC00  0x00000400  +
0x0006C000  0x00000200  -
0x0006C200  0x00000400  +
0x0006C600  0x00000400  -
0x0006CA00  0x00000600  +
0x0006D000  0x00000600  -
0x0006D600  0x00000400  +
0x0006DA00  0x00000600  -
0x0006E000  0x00000800  +
0x0006E800  0x00000800  -
0x0006F000  0x00000600  +
0x0006F600  0x00000400  -
0x0006FA00  0x00000400  +
0x0006FE00  0x00000600  -
0x00070400  0x00000400  +
0x00070800  0x00000200  -
0x00070A00  0x00000400  +
0x00070E00  0x00000400  -
0x00071200  0x00000600  +
0x00071800  0x00000600  -
0x00071E00  0x00000400  +
0x00072200  0x00000600  -
0x00072800  0x00000800  +
0x00073000  0x00000800  -
0x00073800  0x00000400  +
0x00073C00  0x00000600  -
0x00074200  0x00000400  +
0x00074600  0x00000600  -
0x00074C00  0x00000400  +
0x00075000  0x00000200  -
0x00075200  0x00000400  +
0x00075600  0x00000400  -
0x00075A00  0x00000600  +
0x00076000  0x00000600  -
0x00076600  0x00000400  +
0x00076A00  0x00000600  -
0x00077000  0x00000800  +
0x00077800  0x00000800  -
0x00078000  0x00000600  +
0x00078600  0x00000400  -
0x00078A00  0x00000400  +
0x00078E00  0x00000600  -
0x00079400  0x00000400  +
0x00079800  0x00000200  -
0x00079A00  0x00000400  +
0x00079E00  0x00000400  -
0x0007A200  0x00000600  +
0x0007A800  0x00000600  -
0x0007AE00  0x00000600  +
0x0007B400  0x00000400  -
0x0007B800  0x00000800  +
0x0007C000  0x00000800  -
0x0007C800  0x00000400  +
0x0007CC00  0x00000600  -
0x0007D200  0x00000400  +
0x0007D600  0x00000600  -
0x0007DC00  0x00000400  +
0x0007E000  0x00000200  -
0x0007E200  0x00000400  +
0x0007E600  0x00000400  -
0x0007EA00  0x00000600  +
0x0007F000  0x00000600  -
0x0007F600  0x00000600  +
0x0007FC00  0x00000400  -
0x00080000  0x00000800  +
0x00080800  0x00000800  -
0x00081000  0x00000400  +
0x00081400  0x00000600  -
0x00081A00  0x00000400  +
0x00081E00  0x00000600  -
0x00082400  0x00000400  +
0x00082800  0x00000200  -
0x00082A00  0x00000400  +
0x00082E00  0x00000400  -
0x00083200  0x00000600  +
0x00083800  0x00000600  -
0x00083E00  0x00000400  +
0x00084200  0x00000600  -
0x00084800  0x00000800  +
0x00085000  0x00000800  -
0x00085800  0x00000400  +
0x00085C00  0x00000600  -
0x00086200  0x00000400  +
0x00086600  0x00000600  -
0x00086C00  0x00000400  +
0x00087000  0x00000200  -
0x00087200  0x00000400  +
0x00087600  0x00000400  -
0x00087A00  0x00000600  +
0x00088000  0x00000600  -
0x00088600  0x00000600  +
0x00088C00  0x00000400  -
0x00089000  0x00000800  +
0x00089800  0x00000800  -
0x0008A000  0x00000400  +
0x0008A400  0x00000600  -
0x0008AA00  0x00000400  +
0x0008AE00  0x00000600  -
0x0008B400  0x00000400  +
0x0008B800  0x00000200  -
0x0008BA00  0x00000400  +
0x0008BE00  0x00000400  -
0x0008C200  0x00000600  +
0x0008C800  0x00000600  -
0x0008CE00  0x00000600  +
0x0008D400  0x00000400  -
0x0008D800  0x00000800  +
0x0008E000  0x00000800  -
0x0008E800  0x00000600  +
0x0008EE00  0x00000400  -
0x0008F200  0x00000400  +
0x0008F600  0x00000600  -
0x0008FC00  0x00000400  +
0x00090000  0x00000200  -
0x00090200  0x00000400  +
0x00090600  0x00000400  -
0x00090A00  0x00000600  +
0x00091000  0x00000600  -
0x00091600  0x00000600  +
0x00091C00  0x00000400  -
0x00092000  0x00000800  +
0x00092800  0x00000800  -
0x00093000  0x00000400  +
0x00093400  0x00000600  -
0x00093A00  0x00000400  +
0x00093E00  0x00000600  -
0x00094400  0x00000400  +
0x00094800  0x00000200  -
0x00094A00  0x00000400  +
0x00094E00  0x00000400  -
0x00095200  0x00000600  +
0x00095800  0x00000600  -
0x00095E00  0x00000400  +
0x00096200  0x00000600  -
0x00096800  0x00000800  +
0x00097000  0x00000800  -
0x00097800  0x00000400  +
0x00097C00  0x00000600  -
0x00098200  0x00000400  +
0x00098600  0x00000600  -
0x00098C00  0x00000400  +
0x00099000  0x00000200  -
0x00099200  0x00000400  +
0x00099600  0x00000400  -
0x00099A00  0x00000600  +
0x0009A000  0x00000600  -
0x0009A600  0x00000400  +
0x0009AA00  0x00000600  -
0x0009B000  0x00000800  +
0x0009B800  0x00000800  -
0x0009C000  0x00000600  +
0x0009C600  0x00000400  -
0x0009CA00  0x00000400  +
0x0009CE00  0x00000600  -
0x0009D400  0x00000400  +
0x0009D800  0x00000200  -
0x0009DA00  0x00000400  +
0x0009DE00  0x00000400  -
0x0009E200  0x00000600  +
0x0009E800  0x00000600  -
0x0009EE00  0x00000400  +
0x0009F200  0x00000600  -
0x0009F800  0x00000800  +
0x000A0000  0x00000800  -
0x000A0800  0x00000600  +
0x000A0E00  0x00000400  -
0x000A1200  0x00000600  +
0x000A1800  0x00000400  -
0x000A1C00  0x00000400  +
0x000A2000  0x00000200  -
0x000A2200  0x00000400  +
0x000A2600  0x00000400  -
0x000A2A00  0x00000600  +
0x000A3000  0x00000600  -
0x000A3600  0x00000400  +
0x000A3A00  0x00000600  -
0x000A4000  0x00000800  +
0x000A4800  0x00000800  -
0x000A5000  0x00000400  +
0x000A5400  0x00000600  -
0x000A5A00  0x00000400  +
0x000A5E00  0x00000600  -
0x000A6400  0x00000400  +
0x000A6800  0x00000200  -
0x000A6A00  0x00000400  +
0x000A6E00  0x00000400  -
0x000A7200  0x00000600  +
0x000A7800  0x00000600  -
0x000A7E00  0x00000400  +
0x000A8200  0x00000600  -
0x000A8800  0x00000800  +
0x000A9000  0x00000800  -
0x000A9800  0x00000400  +
0x000A9C00  0x00000600  -
0x000AA200  0x00000400  +
0x000AA600  0x00000600  -
0x000AAC00  0x00000400  +
0x000AB000  0x00000200  -
0x000AB200  0x00000400  +
0x000AB600  0x00000400  -
0x000ABA00  0x00000600  +
0x000AC000  0x00000600  -
0x000AC600  0x00000400  +
0x000ACA00  0x00000600  -
0x000AD000  0x00000800  +
0x000AD800  0x00000800  -
0x000AE000  0x00000400  +
0x000AE400  0x00000600  -
0x000AEA00  0x00000400  +
0x000AEE00  0x00000600  -
0x000AF400  0x00000400  +
0x000AF800  0x00000200  -
0x000AFA00  0x00000400  +
0x000AFE00  0x00000400  -
0x000B0200  0x00000600  +
0x000B0800  0x00000600  -
0x000B0E00  0x00000400  +
0x000B1200  0x00000600  -
0x000B1800  0x00000800  +
0x000B2000  0x00000800  -
0x000B2800  0x00000400  +
0x000B2C00  0x00000600  -
0x000B3200  0x00000400  +
0x000B3600  0x00000600  -
0x000B3C00  0x00000400  +
0x000B4000  0x00000200  -
0x000B4200  0x00000400  +
0x000B4600  0x00000400  -
0x000B4A00  0x00000600  +
0x000B5000  0x00000600  -
0x000B5600  0x00000400  +
0x000B5A00  0x00000600  -
0x000B6000  0x00000800  +
0x000B6800  0x00000800  -
0x000B7000  0x00000400  +
0x000B7400  0x00000600  -
0x000B7A00  0x00000400  +
0x000B7E00  0x00000600  -
0x000B8400  0x00000400  +
0x000B8800  0x00000200  -
0x000B8A00  0x00000400  +
0x000B8E00  0x00000400  -
0x000B9200  0x00000600  +
0x000B9800  0x00000600  -
0x000B9E00  0x00000600  +
0x000BA400  0x00000400  -
0x000BA800  0x00000800  +
0x000BB000  0x00000800  -
0x000BB800  0x00000600  +
0x000BBE00  0x00000400  -
0x000BC200  0x00000400  +
0x000BC600  0x00000600  -
0x000BCC00  0x00000400  +
0x000BD000  0x00000200  -
0x000BD200  0x00000400  +
0x000BD600  0x00000400  -
0x000BDA00  0x00000400  +
0x000BDE00  0x00000800  -
0x000BE600  0x00000400  +
0x000BEA00  0x00000600  -
0x000BF000  0x00000800  +
0x000BF800  0x00000800  -
0x000C0000  0x00000400  +
0x000C0400  0x00000600  -
0x000C0A00  0x00000400  +
0x000C0E00  0x00000600  -
0x000C1400  0x00000400  +
0x000C1800  0x00000200  -
0x000C1A00  0x00000400  +
0x000C1E00  0x00000400  -
0x000C2200  0x00000600  +
0x000C2800  0x00000600  -
0x000C2E00  0x00000400  +
0x000C3200  0x00000600  -
0x000C3800  0x00000800  +
0x000C4000  0x00000800  -
0x000C4800  0x00000600  +
0x000C4E00  0x00000400  -
0x000C5200  0x00000400  +
0x000C5600  0x00000800  -
0x000C5E00  0x00000200  +
0x000C6000  0x00000200  -
0x000C6200  0x00000400  +
0x000C6600  0x00000400  -
0x000C6A00  0x00000600  +
0x000C7000  0x00000600  -
0x000C7600  0x00000400  +
0x000C7A00  0x00000600  -
0x000C8000  0x00000800  +
0x000C8800  0x00000800  -
0x000C9000  0x00000400  +
0x000C9400  0x00000600  -
0x000C9A00  0x00000400  +
0x000C9E00  0x00000600  -
0x000CA400  0x00000400  +
0x000CA800  0x00000200  -
0x000CAA00  0x00000400  +
0x000CAE00  0x00000400  -
0x000CB200  0x00000600  +
0x000CB800  0x00000600  -
0x000CBE00  0x00000600  +
0x000CC400  0x00000400  -
0x000CC800  0x00000800  +
0x000CD000  0x00000800  -
0x000CD800  0x00000600  +
0x000CDE00  0x00000400  -
0x000CE200  0x00000400  +
0x000CE600  0x00000600  -
0x000CEC00  0x00000400  +
0x000CF000  0x00000200  -
0x000CF200  0x00000400  +
0x000CF600  0x00000400  -
0x000CFA00  0x00000600  +
0x000D0000  0x00000600  -
0x000D0600  0x00000400  +
0x000D0A00  0x00000600  -
0x000D1000  0x00000800  +
0x000D1800  0x00000800  -
0x000D2000  0x00000600  +
0x000D2600  0x00000400  -
0x000D2A00  0x00000400  +
0x000D2E00  0x00000600  -
0x000D3400  0x00000400  +
0x000D3800  0x00000200  -
0x000D3A00  0x00000400  +
0x000D3E00  0x00000400  -
0x000D4200  0x00000600  +
0x000D4800  0x00000600  -
0x000D4E00  0x00000400  +
0x000D5200  0x00000600  -
0x000D5800  0x00000800  +
0x000D6000  0x00000800  -
0x000D6800  0x00000600  +
0x000D6E00  0x00000400  -
0x000D7200  0x00000400  +
0x000D7600  0x00000600  -
0x000D7C00  0x00000400  +
0x000D8000  0x00000200  -
0x000D8200  0x00000400  +
0x000D8600  0x00000400  -
0x000D8A00  0x00000600  +
0x000D9000  0x00000600  -
0x000D9600  0x00000400  +
0x000D9A00  0x00000600  -
0x000DA000  0x00000800  +
0x000DA800  0x00000800  -
0x000DB000  0x00000600  +
0x000DB600  0x00000400  -
0x000DBA00  0x00000400  +
0x000DBE00  0x00000600  -
0x000DC400  0x00000400  +
0x000DC800  0x00000200  -
0x000DCA00  0x00000400  +
0x000DCE00  0x00000600  -
0x000DD400  0x00000400  +
0x000DD800  0x00000600  -
0x000DDE00  0x00000400  +
0x000DE200  0x00000600  -
0x000DE800  0x00000800  +
0x000DF000  0x00000800  -
0x000DF800  0x00000400  +
0x000DFC00  0x00000600  -
0x000E0200  0x00000400  +
0x000E0600  0x00000600  -
0x000E0C00  0x00000400  +
0x000E1000  0x00000200  -
0x000E1200  0x00000400  +
0x000E1600  0x00000400  -
0x000E1A00  0x00000400  +
0x000E1E00  0x00000800  -
0x000E2600  0x00000400  +
0x000E2A00  0x00000600  -
0x000E3000  0x00000800  +
0x000E3800  0x00000800  -
0x000E4000  0x00000400  +
0x000E4400  0x00000600  -
0x000E4A00  0x00000400  +
0x000E4E00  0x00000600  -
0x000E5400  0x00000400  +
0x000E5800  0x00000200  -
0x000E5A00  0x00000400  +
0x000E5E00  0x00000400  -
0x000E6200  0x00000600  +
0x000E6800  0x00000600  -
0x000E6E00  0x00000600  +
0x000E7400  0x00000400  -
0x000E7800  0x00000800  +
0x000E8000  0x00000800  -
0x000E8800  0x00000600  +
0x000E8E00  0x00000400  -
0x000E9200  0x00000400  +
0x000E9600  0x00000800  -
0x000E9E00  0x00000200  +
0x000EA000  0x00000200  -
0x000EA200  0x00000400  +
0x000EA600  0x00000400  -
0x000EAA00  0x00000600  +
0x000EB000  0x00000600  -
0x000EB600  0x00000600  +
0x000EBC00  0x00000400  -
0x000EC000  0x00000800  +
0x000EC800  0x00000800  -
0x000ED000  0x00000600  +
0x000ED600  0x00000400  -
0x000EDA00  0x00000400  +
0x000EDE00  0x00000800  -
0x000EE600  0x00000200  +
0x000EE800  0x00000200  -
0x000EEA00  0x00000400  +
0x000EEE00  0x00000400  -
0x000EF200  0x00000600  +
0x000EF800  0x00000600  -
0x000EFE00  0x00000400  +
0x000F0200  0x00000600  -
0x000F0800  0x00000800  +
0x000F1000  0x00000800  -
0x000F1800  0x00000600  +
0x000F1E00  0x00000400  -
0x000F2200  0x00000400  +
0x000F2600  0x00000600  -
0x000F2C00  0x00000400  +
0x000F3000  0x00000200  -
0x000F3200  0x00000400  +
0x000F3600  0x00000400  -
0x000F3A00  0x00000600  +
0x000F4000  0x00000600  -
0x000F4600  0x00000400  +
0x000F4A00  0x00000600  -
0x000F5000  0x00000800  +
0x000F5800  0x00000800  -
0x000F6000  0x00000600  +
0x000F6600  0x00000400  -
0x000F6A00  0x00000400  +
0x000F6E00  0x00000600  -
0x000F7400  0x00000400  +
0x000F7800  0x00000200  -
0x000F7A00  0x00000400  +
0x000F7E00  0x00000400  -
0x000F8200  0x00000600  +
0x000F8800  0x00000600  -
0x000F8E00  0x00000400  +
0x000F9200  0x00000600  -
0x000F9800  0x00000800  +
0x000FA000  0x00000A00  -
0x000FAA00  0x00000200  +
0x000FAC00  0x00000600  -
0x000FB200  0x00000400  +
0x000FB600  0x00000800  -
0x000FBE00  0x00000200  +
0x000FC000  0x00000200  -
0x000FC200  0x00000400  +
0x000FC600  0x00000400  -
0x000FCA00  0x00000600  +
0x000FD000  0x00000600  -
0x000FD600  0x00000400  +
0x000FDA00  0x00000600  -
0x000FE000  0x00000800  +
0x000FE800  0x00000800  -
0x000FF000  0x00000400  +
0x000FF400  0x00000600  -
0x000FFA00  0x00000400  +
0x000FFE00  0x00000800  -
0x00100600  0x00000200  +
0x00100800  0x00000200  -
0x00100A00  0x00000400  +
0x00100E00  0x00000400  -
0x00101200  0x00000600  +
0x00101800  0x00000600  -
0x00101E00  0x00000400  +
0x00102200  0x00000600  -
0x00102800  0x00000800  +
0x00103000  0x00000800  -
0x00103800  0x00000400  +
0x00103C00  0x00000600  -
0x00104200  0x00000400  +
0x00104600  0x00000800  -
0x00104E00  0x00000200  +
0x00105000  0x00000200  -
0x00105200  0x00000400  +
0x00105600  0x00000400  -
0x00105A00  0x00000600  +
0x00106000  0x00000600  -
0x00106600  0x00000400  +
0x00106A00  0x00000600  -
0x00107000  0x00000800  +
0x00107800  0x00000800  -
0x00108000  0x00000400  +
0x00108400  0x00000600  -
0x00108A00  0x00000400  +
0x00108E00  0x00000800  -
0x00109600  0x00000200  +
0x00109800  0x00000200  -
0x00109A00  0x00000400  +
0x00109E00  0x00000400  -
0x0010A200  0x00000400  +
0x0010A600  0x00000800  -
0x0010AE00  0x00000400  +
0x0010B200  0x00000600  -
0x0010B800  0x00000A00  +
0x0010C200  0x00000800  -
0x0010CA00  0x00000200  +
0x0010CC00  0x00000600  -
0x0010D200  0x00000400  +
0x0010D600  0x00000800  -
0x0010DE00  0x00000200  +
0x0010E000  0x00000200  -
0x0010E200  0x00000400  +
0x0010E600  0x00000400  -
0x0010EA00  0x00000600  +
0x0010F000  0x00000600  -
0x0010F600  0x00000400  +
0x0010FA00  0x00000600  -
0x00110000  0x00000800  +
0x00110800  0x00000A00  -
0x00111200  0x00000200  +
0x00111400  0x00000600  -
0x00111A00  0x00000400  +
0x00111E00  0x00000800  -
0x00112600  0x00000200  +
0x00112800  0x00000200  -
0x00112A00  0x00000400  +
0x00112E00  0x00000400  -
0x00113200  0x00000600  +
0x00113800  0x00000600  -
0x00113E00  0x00000400  +
0x00114200  0x00000600  -
0x00114800  0x00000800  +
0x00115000  0x00000A00  -
0x00115A00  0x00000200  +
0x00115C00  0x00000600  -
0x00116200  0x00000400  +
0x00116600  0x00000800  -
0x00116E00  0x00000200  +
0x00117000  0x00000200  -
0x00117200  0x00000400  +
0x00117600  0x00000400  -
0x00117A00  0x00000600  +
0x00118000  0x00000600  -
0x00118600  0x00000400  +
0x00118A00  0x00000600  -
0x00119000  0x00000800  +
0x00119800  0x00000A00  -
0x0011A200  0x00000400  +
0x0011A600  0x00000400  -
0x0011AA00  0x00000400  +
0x0011AE00  0x00000800  -
0x0011B600  0x00000200  +
0x0011B800  0x00000200  -
0x0011BA00  0x00000400  +
0x0011BE00  0x00000400  -
0x0011C200  0x00000600  +
0x0011C800  0x00000600  -
0x0011CE00  0x00000400  +
0x0011D200  0x00000600  -
0x0011D800  0x00000800  +
0x0011E000  0x00000A00  -
0x0011EA00  0x00000200  +
0x0011EC00  0x00000600  -
0x0011F200  0x00000400  +
0x0011F600  0x00000600  -
0x0011FC00  0x00000400  +
0x00120000  0x00000200  -
0x00120200  0x00000400  +
0x00120600  0x00000400  -
0x00120A00  0x00000600  +
0x00121000  0x00000600  -
0x00121600  0x00000400  +
0x00121A00  0x00000600  -
0x00122000  0x00000800  +
0x00122800  0x00000A00  -
0x00123200  0x00000200  +
0x00123400  0x00000600  -
0x00123A00  0x00000400  +
0x00123E00  0x00000800  -
0x00124600  0x00000200  +
0x00124800  0x00000200  -
0x00124A00  0x00000400  +
0x00124E00  0x00000400  -
0x00125200  0x00000600  +
0x00125800  0x00000600  -
0x00125E00  0x00000400  +
0x00126200  0x00000600  -
0x00126800  0x00000800  +
0x00127000  0x00000A00  -
0x00127A00  0x00000200  +
0x00127C00  0x00000600  -
0x00128200  0x00000400  +
0x00128600  0x00000600  -
0x00128C00  0x00000400  +
0x00129000  0x00000200  -
0x00129200  0x00000400  +
0x00129600  0x00000400  -
0x00129A00  0x00000400  +
0x00129E00  0x00000800  -
0x0012A600  0x00000400  +
0x0012AA00  0x00000600  -
0x0012B000  0x00000800  +
0x0012B800  0x00000800  -
0x0012C000  0x00000600  +
0x0012C600  0x00000400  -
0x0012CA00  0x00000400  +
0x0012CE00  0x00000800  -
0x0012D600  0x00000200  +
0x0012D800  0x00000200  -
0x0012DA00  0x00000400  +
0x0012DE00  0x00000400  -
0x0012E200  0x00000400  +
0x0012E600  0x00000800  -
0x0012EE00  0x00000400  +
0x0012F200  0x00000600  -
0x0012F800  0x00000800  +
0x00130000  0x00000A00  -
0x00130A00  0x00000200  +
0x00130C00  0x00000600  -
0x00131200  0x00000400  +
0x00131600  0x00000800  -
0x00131E00  0x00000200  +
0x00132000  0x00000200  -
0x00132200  0x00000400  +
0x00132600  0x00000400  -
0x00132A00  0x00000600  +
0x00133000  0x00000600  -
0x00133600  0x00000400  +
0x00133A00  0x00000600  -
0x00134000  0x00000800  +
0x00134800  0x00000800  -
0x00135000  0x00000400  +
0x00135400  0x00000600  -
0x00135A00  0x00000400  +
0x00135E00  0x00000800  -
0x00136600  0x00000200  +
0x00136800  0x00000200  -
0x00136A00  0x00000400  +
0x00136E00  0x00000400  -
0x00137200  0x00000600  +
0x00137800  0x00000600  -
0x00137E00  0x00000400  +
0x00138200  0x00000600  -
0x00138800  0x00000800  +
0x00139000  0x00000A00  -
0x00139A00  0x00000200  +
0x00139C00  0x00000600  -
0x0013A200  0x00000400  +
0x0013A600  0x00000800  -
0x0013AE00  0x00000200  +
0x0013B000  0x00000200  -
0x0013B200  0x00000400  +
0x0013B600  0x00000400  -
0x0013BA00  0x00000600  +
0x0013C000  0x00000600  -
0x0013C600  0x00000400  +
0x0013CA00  0x00000600  -
0x0013D000  0x00000800  +
0x0013D800  0x00000A00  -
0x0013E200  0x00000200  +
0x0013E400  0x00000600  -
0x0013EA00  0x00000400  +
0x0013EE00  0x00000800  -
0x0013F600  0x00000200  +
0x0013F800  0x00000200  -
0x0013FA00  0x00000400  +
0x0013FE00  0x00000400  -
0x00140200  0x00000600  +
0x00140800  0x00000600  -
0x00140E00  0x00000400  +
0x00141200  0x00000600  -
0x00141800  0x00000800  +
0x00142000  0x00000A00  -
0x00142A00  0x00000200  +
0x00142C00  0x00000600  -
0x00143200  0x00000400  +
0x00143600  0x00000800  -
0x00143E00  0x00000200  +
0x00144000  0x00000200  -
0x00144200  0x00000400  +
0x00144600  0x00000400  -
0x00144A00  0x00000600  +
0x00145000  0x00000A00  -
0x00145A00  0x00000200  +
0x00145C00  0x00000400  -
0x00146000  0x00000800  +
0x00146800  0x00000800  -
0x00147000  0x00000400  +
0x00147400  0x00000600  -
0x00147A00  0x00000400  +
0x00147E00  0x00000800  -
0x00148600  0x00000200  +
0x00148800  0x00000200  -
0x00148A00  0x00000400  +
0x00148E00  0x00000400  -
0x00149200  0x00000600  +
0x00149800  0x00000600  -
0x00149E00  0x00000400  +
0x0014A200  0x00000600  -
0x0014A800  0x00000800  +
0x0014B000  0x00000800  -
0x0014B800  0x00000400  +
0x0014BC00  0x00000600  -
0x0014C200  0x00000400  +
0x0014C600  0x00000800  -
0x0014CE00  0x00000200  +
0x0014D000  0x00000200  -
0x0014D200  0x00000400  +
0x0014D600  0x00000400  -
0x0014DA00  0x00000600  +
0x0014E000  0x00000600  -
0x0014E600  0x00000400  +
0x0014EA00  0x00000600  -
0x0014F000  0x00000800  +
0x0014F800  0x00000800  -
0x00150000  0x00000400  +
0x00150400  0x00000600  -
0x00150A00  0x00000400  +
0x00150E00  0x00000800  -
0x00151600  0x00000200  +
0x00151800  0x00000200  -
0x00151A00  0x00000400  +
0x00151E00  0x00000400  -
0x00152200  0x00000600  +
0x00152800  0x00000600  -
0x00152E00  0x00000400  +
0x00153200  0x00000600  -
0x00153800  0x00000800  +
0x00154000  0x00000800  -
0x00154800  0x00000400  +
0x00154C00  0x00000600  -
0x00155200  0x00000400  +
0x00155600  0x00000800  -
0x00155E00  0x00000200  +
0x00156000  0x00000200  -
0x00156200  0x00000400  +
0x00156600  0x00000400  -
0x00156A00  0x00000600  +
0x00157000  0x00000600  -
0x00157600  0x00000400  +
0x00157A00  0x00000600  -
0x00158000  0x00000800  +
0x00158800  0x00000800  -
0x00159000  0x00000400  +
0x00159400  0x00000600  -
0x00159A00  0x00000400  +
0x00159E00  0x00000800  -
0x0015A600  0x00000200  +
0x0015A800  0x00000200  -
0x0015AA00  0x00000400  +
0x0015AE00  0x00000400  -
0x0015B200  0x00000600  +
0x0015B800  0x00000600  -
0x0015BE00  0x00000600  +
0x0015C400  0x00000400  -
0x0015C800  0x00000800  +
0x0015D000  0x00000800  -
0x0015D800  0x00000400  +
0x0015DC00  0x00000600  -
0x0015E200  0x00000400  +
0x0015E600  0x00000800  -
0x0015EE00  0x00000200  +
0x0015F000  0x00000200  -
0x0015F200  0x00000400  +
0x0015F600  0x00000400  -
0x0015FA00  0x00000600  +
0x00160000  0x00000600  -
0x00160600  0x00000600  +
0x00160C00  0x00000400  -
0x00161000  0x00000800  +
0x00161800  0x00000800  -
0x00162000  0x00000400  +
0x00162400  0x00000600  -
0x00162A00  0x00000400  +
0x00162E00  0x00000600  -
0x00163400  0x00000400  +
0x00163800  0x00000200  -
0x00163A00  0x00000400  +
0x00163E00  0x00000400  -
0x00164200  0x00000400  +
0x00164600  0x00000800  -
0x00164E00  0x00000400  +
0x00165200  0x00000600  -
0x00165800  0x00000800  +
0x00166000  0x00000800  -
0x00166800  0x00000400  +
0x00166C00  0x00000600  -
0x00167200  0x00000400  +
0x00167600  0x00000600  -
0x00167C00  0x00000200  +
0x00167E00  0x00000200  -
